<?xml version="1.0" encoding="UTF-8"?>
<!-- Generated by org.testng.reporters.JUnitReportReporter -->
<testsuite hostname="LAPTOP-81H605QD" failures="0" tests="1" name="Test_methods.crtact_test" time="12.543" errors="0" timestamp="2024-05-11T21:10:40 IST" skipped="0">
  <testcase classname="Test_methods.crtact_test" name="Tc_001" time="12.543"/>
  <system-out/>
</testsuite> <!-- Test_methods.crtact_test -->
