<?xml version="1.0" encoding="UTF-8"?>
<!-- Generated by org.testng.reporters.JUnitReportReporter -->
<testsuite hostname="LAPTOP-81H605QD" failures="0" tests="5" name="Test_methods.Men_page_test" time="113.152" errors="0" timestamp="2024-05-11T22:42:55 IST" skipped="0">
  <testcase classname="Test_methods.Men_page_test" name="Tc_010" time="14.305"/>
  <system-out/>
  <testcase classname="Test_methods.Men_page_test" name="Tc_012" time="20.882"/>
  <system-out/>
  <testcase classname="Test_methods.Men_page_test" name="Tc_014" time="25.407"/>
  <system-out/>
  <testcase classname="Test_methods.Men_page_test" name="Tc_013" time="37.502"/>
  <system-out/>
  <testcase classname="Test_methods.Men_page_test" name="Tc_011" time="15.056"/>
  <system-out/>
</testsuite> <!-- Test_methods.Men_page_test -->
