<?xml version="1.0" encoding="UTF-8"?>
<!-- Generated by org.testng.reporters.JUnitReportReporter -->
<testsuite hostname="LAPTOP-81H605QD" failures="0" tests="12" name="Test_methods.Checkoutpage_Test" time="332.013" errors="0" timestamp="2024-05-11T21:10:40 IST" skipped="0">
  <testcase classname="Test_methods.Checkoutpage_Test" name="Tc_018" time="24.676"/>
  <system-out/>
  <testcase classname="Test_methods.Checkoutpage_Test" name="Tc_019" time="22.345"/>
  <system-out/>
  <testcase classname="Test_methods.Checkoutpage_Test" name="Tc_024" time="22.376"/>
  <system-out/>
  <testcase classname="Test_methods.Checkoutpage_Test" name="Tc_021" time="21.597"/>
  <system-out/>
  <testcase classname="Test_methods.Checkoutpage_Test" name="Tc_026" time="84.852"/>
  <system-out/>
  <testcase classname="Test_methods.Checkoutpage_Test" name="Tc_015" time="21.861"/>
  <system-out/>
  <testcase classname="Test_methods.Checkoutpage_Test" name="Tc_023" time="22.392"/>
  <system-out/>
  <testcase classname="Test_methods.Checkoutpage_Test" name="Tc_020" time="21.774"/>
  <system-out/>
  <testcase classname="Test_methods.Checkoutpage_Test" name="Tc_016" time="22.995"/>
  <system-out/>
  <testcase classname="Test_methods.Checkoutpage_Test" name="Tc_017" time="21.704"/>
  <system-out/>
  <testcase classname="Test_methods.Checkoutpage_Test" name="Tc_025" time="22.391"/>
  <system-out/>
  <testcase classname="Test_methods.Checkoutpage_Test" name="Tc_022" time="23.050"/>
  <system-out/>
</testsuite> <!-- Test_methods.Checkoutpage_Test -->
