<?xml version="1.0" encoding="UTF-8"?>
<!-- Generated by org.testng.reporters.JUnitReportReporter -->
<testsuite hostname="LAPTOP-81H605QD" failures="0" tests="3" name="Test_methods.Signin_test" time="51.082" errors="0" timestamp="2024-05-11T21:10:40 IST" skipped="0">
  <testcase classname="Test_methods.Signin_test" name="Tc_002" time="14.027"/>
  <system-out/>
  <testcase classname="Test_methods.Signin_test" name="Tc_003" time="17.331"/>
  <system-out/>
  <testcase classname="Test_methods.Signin_test" name="Tc_004" time="19.724"/>
  <system-out/>
</testsuite> <!-- Test_methods.Signin_test -->
