<?xml version="1.0" encoding="UTF-8"?>
<!-- Generated by org.testng.reporters.JUnitReportReporter -->
<testsuite hostname="LAPTOP-81H605QD" failures="0" tests="5" name="Test_methods.Home_page_Test" time="54.518" errors="0" timestamp="2024-05-11T21:10:40 IST" skipped="0">
  <testcase classname="Test_methods.Home_page_Test" name="Tc_006" time="11.376"/>
  <system-out/>
  <testcase classname="Test_methods.Home_page_Test" name="Tc_005" time="12.071"/>
  <system-out/>
  <testcase classname="Test_methods.Home_page_Test" name="Tc_007" time="9.539"/>
  <system-out/>
  <testcase classname="Test_methods.Home_page_Test" name="Tc_009" time="14.427"/>
  <system-out/>
  <testcase classname="Test_methods.Home_page_Test" name="Tc_008" time="7.105"/>
  <system-out/>
</testsuite> <!-- Test_methods.Home_page_Test -->
